<?xml version="1.0" encoding="UTF-8"?>
<!-- Generated by org.testng.reporters.JUnitReportReporter -->
<testsuite hostname="ADMIN" failures="0" tests="4" name="ejaruti.UnitTest.LoginTest" time="62.933" errors="0" timestamp="2020-03-30T17:02:01 IST" skipped="0">
  <testcase classname="ejaruti.UnitTest.LoginTest" name="validLoginTest" time="15.805"/>
  <testcase classname="ejaruti.UnitTest.LoginTest" name="invalidLoginTest" time="16.065"/>
  <testcase classname="ejaruti.UnitTest.LoginTest" name="invalidusernameTest" time="15.597"/>
  <testcase classname="ejaruti.UnitTest.LoginTest" name="invalidpasswordTest" time="15.466"/>
</testsuite> <!-- ejaruti.UnitTest.LoginTest -->
