<?xml version="1.0" encoding="UTF-8"?>
<!-- Generated by org.testng.reporters.JUnitReportReporter -->
<testsuite hostname="ADMIN" failures="0" tests="60" name="ejaruti.UnitTest.DeleteCompany" time="1487.879" errors="0" timestamp="2020-04-02T18:20:12 IST" skipped="0">
  <testcase classname="ejaruti.UnitTest.DeleteCompany" name="DeteleCompany" time="22.743"/>
  <testcase classname="ejaruti.UnitTest.DeleteCompany" name="DeteleCompany" time="30.670"/>
  <testcase classname="ejaruti.UnitTest.DeleteCompany" name="DeteleCompany" time="23.231"/>
  <testcase classname="ejaruti.UnitTest.DeleteCompany" name="DeteleCompany" time="26.182"/>
  <testcase classname="ejaruti.UnitTest.DeleteCompany" name="DeteleCompany" time="25.282"/>
  <testcase classname="ejaruti.UnitTest.DeleteCompany" name="DeteleCompany" time="25.644"/>
  <testcase classname="ejaruti.UnitTest.DeleteCompany" name="DeteleCompany" time="24.356"/>
  <testcase classname="ejaruti.UnitTest.DeleteCompany" name="DeteleCompany" time="23.244"/>
  <testcase classname="ejaruti.UnitTest.DeleteCompany" name="DeteleCompany" time="31.173"/>
  <testcase classname="ejaruti.UnitTest.DeleteCompany" name="DeteleCompany" time="24.011"/>
  <testcase classname="ejaruti.UnitTest.DeleteCompany" name="DeteleCompany" time="26.910"/>
  <testcase classname="ejaruti.UnitTest.DeleteCompany" name="DeteleCompany" time="22.906"/>
  <testcase classname="ejaruti.UnitTest.DeleteCompany" name="DeteleCompany" time="23.266"/>
  <testcase classname="ejaruti.UnitTest.DeleteCompany" name="DeteleCompany" time="23.564"/>
  <testcase classname="ejaruti.UnitTest.DeleteCompany" name="DeteleCompany" time="24.906"/>
  <testcase classname="ejaruti.UnitTest.DeleteCompany" name="DeteleCompany" time="23.501"/>
  <testcase classname="ejaruti.UnitTest.DeleteCompany" name="DeteleCompany" time="30.402"/>
  <testcase classname="ejaruti.UnitTest.DeleteCompany" name="DeteleCompany" time="23.621"/>
  <testcase classname="ejaruti.UnitTest.DeleteCompany" name="DeteleCompany" time="22.830"/>
  <testcase classname="ejaruti.UnitTest.DeleteCompany" name="DeteleCompany" time="22.964"/>
  <testcase classname="ejaruti.UnitTest.DeleteCompany" name="DeteleCompany" time="25.932"/>
  <testcase classname="ejaruti.UnitTest.DeleteCompany" name="DeteleCompany" time="22.946"/>
  <testcase classname="ejaruti.UnitTest.DeleteCompany" name="DeteleCompany" time="28.179"/>
  <testcase classname="ejaruti.UnitTest.DeleteCompany" name="DeteleCompany" time="23.875"/>
  <testcase classname="ejaruti.UnitTest.DeleteCompany" name="DeteleCompany" time="23.633"/>
  <testcase classname="ejaruti.UnitTest.DeleteCompany" name="DeteleCompany" time="25.343"/>
  <testcase classname="ejaruti.UnitTest.DeleteCompany" name="DeteleCompany" time="24.323"/>
  <testcase classname="ejaruti.UnitTest.DeleteCompany" name="DeteleCompany" time="24.246"/>
  <testcase classname="ejaruti.UnitTest.DeleteCompany" name="DeteleCompany" time="25.364"/>
  <testcase classname="ejaruti.UnitTest.DeleteCompany" name="DeteleCompany" time="22.902"/>
  <testcase classname="ejaruti.UnitTest.DeleteCompany" name="DeteleCompany" time="22.499"/>
  <testcase classname="ejaruti.UnitTest.DeleteCompany" name="DeteleCompany" time="22.839"/>
  <testcase classname="ejaruti.UnitTest.DeleteCompany" name="DeteleCompany" time="22.893"/>
  <testcase classname="ejaruti.UnitTest.DeleteCompany" name="DeteleCompany" time="24.748"/>
  <testcase classname="ejaruti.UnitTest.DeleteCompany" name="DeteleCompany" time="23.205"/>
  <testcase classname="ejaruti.UnitTest.DeleteCompany" name="DeteleCompany" time="24.788"/>
  <testcase classname="ejaruti.UnitTest.DeleteCompany" name="DeteleCompany" time="30.964"/>
  <testcase classname="ejaruti.UnitTest.DeleteCompany" name="DeteleCompany" time="28.885"/>
  <testcase classname="ejaruti.UnitTest.DeleteCompany" name="DeteleCompany" time="23.151"/>
  <testcase classname="ejaruti.UnitTest.DeleteCompany" name="DeteleCompany" time="23.232"/>
  <testcase classname="ejaruti.UnitTest.DeleteCompany" name="DeteleCompany" time="24.527"/>
  <testcase classname="ejaruti.UnitTest.DeleteCompany" name="DeteleCompany" time="23.351"/>
  <testcase classname="ejaruti.UnitTest.DeleteCompany" name="DeteleCompany" time="28.442"/>
  <testcase classname="ejaruti.UnitTest.DeleteCompany" name="DeteleCompany" time="24.279"/>
  <testcase classname="ejaruti.UnitTest.DeleteCompany" name="DeteleCompany" time="22.736"/>
  <testcase classname="ejaruti.UnitTest.DeleteCompany" name="DeteleCompany" time="24.190"/>
  <testcase classname="ejaruti.UnitTest.DeleteCompany" name="DeteleCompany" time="24.570"/>
  <testcase classname="ejaruti.UnitTest.DeleteCompany" name="DeteleCompany" time="24.995"/>
  <testcase classname="ejaruti.UnitTest.DeleteCompany" name="DeteleCompany" time="24.485"/>
  <testcase classname="ejaruti.UnitTest.DeleteCompany" name="DeteleCompany" time="24.739"/>
  <testcase classname="ejaruti.UnitTest.DeleteCompany" name="DeteleCompany" time="29.622"/>
  <testcase classname="ejaruti.UnitTest.DeleteCompany" name="DeteleCompany" time="25.541"/>
  <testcase classname="ejaruti.UnitTest.DeleteCompany" name="DeteleCompany" time="21.123"/>
  <testcase classname="ejaruti.UnitTest.DeleteCompany" name="DeteleCompany" time="22.672"/>
  <testcase classname="ejaruti.UnitTest.DeleteCompany" name="DeteleCompany" time="28.716"/>
  <testcase classname="ejaruti.UnitTest.DeleteCompany" name="DeteleCompany" time="24.080"/>
  <testcase classname="ejaruti.UnitTest.DeleteCompany" name="DeteleCompany" time="22.924"/>
  <testcase classname="ejaruti.UnitTest.DeleteCompany" name="DeteleCompany" time="23.898"/>
  <testcase classname="ejaruti.UnitTest.DeleteCompany" name="DeteleCompany" time="23.286"/>
  <testcase classname="ejaruti.UnitTest.DeleteCompany" name="DeteleCompany" time="24.350"/>
</testsuite> <!-- ejaruti.UnitTest.DeleteCompany -->
